<?xml version="1.0" encoding="UTF-8"?>
<testsuite xmlns:xsi="http://www.w3.org/2001/XMLSchema-instance" xsi:noNamespaceSchemaLocation="https://maven.apache.org/surefire/maven-surefire-plugin/xsd/surefire-test-report.xsd" version="3.0.2" name="org.current.nextguidely.feature.RegistrationTest" time="6.095" tests="1" errors="0" skipped="0" failures="0">
  <properties>
    <property name="java.specification.version" value="17"/>
    <property name="sun.jnu.encoding" value="UTF-8"/>
    <property name="java.class.path" value="/home/shuvo/Desktop/code/java/nextguidely/target/test-classes:/home/shuvo/Desktop/code/java/nextguidely/target/classes:/home/shuvo/.m2/repository/org/springframework/boot/spring-boot-starter-data-jpa/3.5.0/spring-boot-starter-data-jpa-3.5.0.jar:/home/shuvo/.m2/repository/org/springframework/boot/spring-boot-starter/3.5.0/spring-boot-starter-3.5.0.jar:/home/shuvo/.m2/repository/org/springframework/boot/spring-boot-starter-logging/3.5.0/spring-boot-starter-logging-3.5.0.jar:/home/shuvo/.m2/repository/ch/qos/logback/logback-classic/1.5.18/logback-classic-1.5.18.jar:/home/shuvo/.m2/repository/ch/qos/logback/logback-core/1.5.18/logback-core-1.5.18.jar:/home/shuvo/.m2/repository/org/apache/logging/log4j/log4j-to-slf4j/2.24.3/log4j-to-slf4j-2.24.3.jar:/home/shuvo/.m2/repository/org/apache/logging/log4j/log4j-api/2.24.3/log4j-api-2.24.3.jar:/home/shuvo/.m2/repository/org/slf4j/jul-to-slf4j/2.0.17/jul-to-slf4j-2.0.17.jar:/home/shuvo/.m2/repository/jakarta/annotation/jakarta.annotation-api/2.1.1/jakarta.annotation-api-2.1.1.jar:/home/shuvo/.m2/repository/org/yaml/snakeyaml/2.4/snakeyaml-2.4.jar:/home/shuvo/.m2/repository/org/springframework/boot/spring-boot-starter-jdbc/3.5.0/spring-boot-starter-jdbc-3.5.0.jar:/home/shuvo/.m2/repository/com/zaxxer/HikariCP/6.3.0/HikariCP-6.3.0.jar:/home/shuvo/.m2/repository/org/springframework/spring-jdbc/6.2.7/spring-jdbc-6.2.7.jar:/home/shuvo/.m2/repository/org/hibernate/orm/hibernate-core/6.6.15.Final/hibernate-core-6.6.15.Final.jar:/home/shuvo/.m2/repository/jakarta/persistence/jakarta.persistence-api/3.1.0/jakarta.persistence-api-3.1.0.jar:/home/shuvo/.m2/repository/jakarta/transaction/jakarta.transaction-api/2.0.1/jakarta.transaction-api-2.0.1.jar:/home/shuvo/.m2/repository/org/jboss/logging/jboss-logging/3.6.1.Final/jboss-logging-3.6.1.Final.jar:/home/shuvo/.m2/repository/org/hibernate/common/hibernate-commons-annotations/7.0.3.Final/hibernate-commons-annotations-7.0.3.Final.jar:/home/shuvo/.m2/repository/io/smallrye/jandex/3.2.0/jandex-3.2.0.jar:/home/shuvo/.m2/repository/com/fasterxml/classmate/1.7.0/classmate-1.7.0.jar:/home/shuvo/.m2/repository/net/bytebuddy/byte-buddy/1.17.5/byte-buddy-1.17.5.jar:/home/shuvo/.m2/repository/org/glassfish/jaxb/jaxb-runtime/4.0.5/jaxb-runtime-4.0.5.jar:/home/shuvo/.m2/repository/org/glassfish/jaxb/jaxb-core/4.0.5/jaxb-core-4.0.5.jar:/home/shuvo/.m2/repository/org/eclipse/angus/angus-activation/2.0.2/angus-activation-2.0.2.jar:/home/shuvo/.m2/repository/org/glassfish/jaxb/txw2/4.0.5/txw2-4.0.5.jar:/home/shuvo/.m2/repository/com/sun/istack/istack-commons-runtime/4.1.2/istack-commons-runtime-4.1.2.jar:/home/shuvo/.m2/repository/jakarta/inject/jakarta.inject-api/2.0.1/jakarta.inject-api-2.0.1.jar:/home/shuvo/.m2/repository/org/antlr/antlr4-runtime/4.13.0/antlr4-runtime-4.13.0.jar:/home/shuvo/.m2/repository/org/springframework/data/spring-data-jpa/3.5.0/spring-data-jpa-3.5.0.jar:/home/shuvo/.m2/repository/org/springframework/data/spring-data-commons/3.5.0/spring-data-commons-3.5.0.jar:/home/shuvo/.m2/repository/org/springframework/spring-orm/6.2.7/spring-orm-6.2.7.jar:/home/shuvo/.m2/repository/org/springframework/spring-context/6.2.7/spring-context-6.2.7.jar:/home/shuvo/.m2/repository/org/springframework/spring-aop/6.2.7/spring-aop-6.2.7.jar:/home/shuvo/.m2/repository/org/springframework/spring-tx/6.2.7/spring-tx-6.2.7.jar:/home/shuvo/.m2/repository/org/springframework/spring-beans/6.2.7/spring-beans-6.2.7.jar:/home/shuvo/.m2/repository/org/slf4j/slf4j-api/2.0.17/slf4j-api-2.0.17.jar:/home/shuvo/.m2/repository/org/springframework/spring-aspects/6.2.7/spring-aspects-6.2.7.jar:/home/shuvo/.m2/repository/org/aspectj/aspectjweaver/1.9.24/aspectjweaver-1.9.24.jar:/home/shuvo/.m2/repository/org/springframework/boot/spring-boot-starter-data-redis/3.5.0/spring-boot-starter-data-redis-3.5.0.jar:/home/shuvo/.m2/repository/io/lettuce/lettuce-core/6.5.5.RELEASE/lettuce-core-6.5.5.RELEASE.jar:/home/shuvo/.m2/repository/io/netty/netty-common/4.1.121.Final/netty-common-4.1.121.Final.jar:/home/shuvo/.m2/repository/io/netty/netty-handler/4.1.121.Final/netty-handler-4.1.121.Final.jar:/home/shuvo/.m2/repository/io/netty/netty-resolver/4.1.121.Final/netty-resolver-4.1.121.Final.jar:/home/shuvo/.m2/repository/io/netty/netty-buffer/4.1.121.Final/netty-buffer-4.1.121.Final.jar:/home/shuvo/.m2/repository/io/netty/netty-transport-native-unix-common/4.1.121.Final/netty-transport-native-unix-common-4.1.121.Final.jar:/home/shuvo/.m2/repository/io/netty/netty-codec/4.1.121.Final/netty-codec-4.1.121.Final.jar:/home/shuvo/.m2/repository/io/netty/netty-transport/4.1.121.Final/netty-transport-4.1.121.Final.jar:/home/shuvo/.m2/repository/io/projectreactor/reactor-core/3.7.6/reactor-core-3.7.6.jar:/home/shuvo/.m2/repository/org/reactivestreams/reactive-streams/1.0.4/reactive-streams-1.0.4.jar:/home/shuvo/.m2/repository/org/springframework/data/spring-data-redis/3.5.0/spring-data-redis-3.5.0.jar:/home/shuvo/.m2/repository/org/springframework/data/spring-data-keyvalue/3.5.0/spring-data-keyvalue-3.5.0.jar:/home/shuvo/.m2/repository/org/springframework/spring-oxm/6.2.7/spring-oxm-6.2.7.jar:/home/shuvo/.m2/repository/org/springframework/spring-context-support/6.2.7/spring-context-support-6.2.7.jar:/home/shuvo/.m2/repository/org/springframework/boot/spring-boot-starter-web/3.5.0/spring-boot-starter-web-3.5.0.jar:/home/shuvo/.m2/repository/org/springframework/boot/spring-boot-starter-json/3.5.0/spring-boot-starter-json-3.5.0.jar:/home/shuvo/.m2/repository/com/fasterxml/jackson/core/jackson-databind/2.19.0/jackson-databind-2.19.0.jar:/home/shuvo/.m2/repository/com/fasterxml/jackson/core/jackson-annotations/2.19.0/jackson-annotations-2.19.0.jar:/home/shuvo/.m2/repository/com/fasterxml/jackson/core/jackson-core/2.19.0/jackson-core-2.19.0.jar:/home/shuvo/.m2/repository/com/fasterxml/jackson/datatype/jackson-datatype-jdk8/2.19.0/jackson-datatype-jdk8-2.19.0.jar:/home/shuvo/.m2/repository/com/fasterxml/jackson/datatype/jackson-datatype-jsr310/2.19.0/jackson-datatype-jsr310-2.19.0.jar:/home/shuvo/.m2/repository/com/fasterxml/jackson/module/jackson-module-parameter-names/2.19.0/jackson-module-parameter-names-2.19.0.jar:/home/shuvo/.m2/repository/org/springframework/boot/spring-boot-starter-tomcat/3.5.0/spring-boot-starter-tomcat-3.5.0.jar:/home/shuvo/.m2/repository/org/apache/tomcat/embed/tomcat-embed-core/10.1.41/tomcat-embed-core-10.1.41.jar:/home/shuvo/.m2/repository/org/apache/tomcat/embed/tomcat-embed-el/10.1.41/tomcat-embed-el-10.1.41.jar:/home/shuvo/.m2/repository/org/apache/tomcat/embed/tomcat-embed-websocket/10.1.41/tomcat-embed-websocket-10.1.41.jar:/home/shuvo/.m2/repository/org/springframework/spring-web/6.2.7/spring-web-6.2.7.jar:/home/shuvo/.m2/repository/io/micrometer/micrometer-observation/1.15.0/micrometer-observation-1.15.0.jar:/home/shuvo/.m2/repository/io/micrometer/micrometer-commons/1.15.0/micrometer-commons-1.15.0.jar:/home/shuvo/.m2/repository/org/springframework/spring-webmvc/6.2.7/spring-webmvc-6.2.7.jar:/home/shuvo/.m2/repository/org/springframework/spring-expression/6.2.7/spring-expression-6.2.7.jar:/home/shuvo/.m2/repository/org/springframework/boot/spring-boot-devtools/3.5.0/spring-boot-devtools-3.5.0.jar:/home/shuvo/.m2/repository/org/springframework/boot/spring-boot/3.5.0/spring-boot-3.5.0.jar:/home/shuvo/.m2/repository/org/springframework/boot/spring-boot-autoconfigure/3.5.0/spring-boot-autoconfigure-3.5.0.jar:/home/shuvo/.m2/repository/com/mysql/mysql-connector-j/9.2.0/mysql-connector-j-9.2.0.jar:/home/shuvo/.m2/repository/org/projectlombok/lombok/1.18.38/lombok-1.18.38.jar:/home/shuvo/.m2/repository/org/springframework/boot/spring-boot-starter-test/3.5.0/spring-boot-starter-test-3.5.0.jar:/home/shuvo/.m2/repository/org/springframework/boot/spring-boot-test/3.5.0/spring-boot-test-3.5.0.jar:/home/shuvo/.m2/repository/org/springframework/boot/spring-boot-test-autoconfigure/3.5.0/spring-boot-test-autoconfigure-3.5.0.jar:/home/shuvo/.m2/repository/com/jayway/jsonpath/json-path/2.9.0/json-path-2.9.0.jar:/home/shuvo/.m2/repository/jakarta/xml/bind/jakarta.xml.bind-api/4.0.2/jakarta.xml.bind-api-4.0.2.jar:/home/shuvo/.m2/repository/jakarta/activation/jakarta.activation-api/2.1.3/jakarta.activation-api-2.1.3.jar:/home/shuvo/.m2/repository/net/minidev/json-smart/2.5.2/json-smart-2.5.2.jar:/home/shuvo/.m2/repository/net/minidev/accessors-smart/2.5.2/accessors-smart-2.5.2.jar:/home/shuvo/.m2/repository/org/ow2/asm/asm/9.7.1/asm-9.7.1.jar:/home/shuvo/.m2/repository/org/assertj/assertj-core/3.27.3/assertj-core-3.27.3.jar:/home/shuvo/.m2/repository/org/awaitility/awaitility/4.3.0/awaitility-4.3.0.jar:/home/shuvo/.m2/repository/org/hamcrest/hamcrest/3.0/hamcrest-3.0.jar:/home/shuvo/.m2/repository/org/junit/jupiter/junit-jupiter/5.12.2/junit-jupiter-5.12.2.jar:/home/shuvo/.m2/repository/org/junit/jupiter/junit-jupiter-api/5.12.2/junit-jupiter-api-5.12.2.jar:/home/shuvo/.m2/repository/org/opentest4j/opentest4j/1.3.0/opentest4j-1.3.0.jar:/home/shuvo/.m2/repository/org/junit/platform/junit-platform-commons/1.12.2/junit-platform-commons-1.12.2.jar:/home/shuvo/.m2/repository/org/apiguardian/apiguardian-api/1.1.2/apiguardian-api-1.1.2.jar:/home/shuvo/.m2/repository/org/junit/jupiter/junit-jupiter-params/5.12.2/junit-jupiter-params-5.12.2.jar:/home/shuvo/.m2/repository/org/junit/jupiter/junit-jupiter-engine/5.12.2/junit-jupiter-engine-5.12.2.jar:/home/shuvo/.m2/repository/org/junit/platform/junit-platform-engine/1.12.2/junit-platform-engine-1.12.2.jar:/home/shuvo/.m2/repository/org/mockito/mockito-core/5.17.0/mockito-core-5.17.0.jar:/home/shuvo/.m2/repository/net/bytebuddy/byte-buddy-agent/1.17.5/byte-buddy-agent-1.17.5.jar:/home/shuvo/.m2/repository/org/objenesis/objenesis/3.3/objenesis-3.3.jar:/home/shuvo/.m2/repository/org/mockito/mockito-junit-jupiter/5.17.0/mockito-junit-jupiter-5.17.0.jar:/home/shuvo/.m2/repository/org/skyscreamer/jsonassert/1.5.3/jsonassert-1.5.3.jar:/home/shuvo/.m2/repository/com/vaadin/external/google/android-json/0.0.20131108.vaadin1/android-json-0.0.20131108.vaadin1.jar:/home/shuvo/.m2/repository/org/springframework/spring-core/6.2.7/spring-core-6.2.7.jar:/home/shuvo/.m2/repository/org/springframework/spring-jcl/6.2.7/spring-jcl-6.2.7.jar:/home/shuvo/.m2/repository/org/springframework/spring-test/6.2.7/spring-test-6.2.7.jar:/home/shuvo/.m2/repository/org/xmlunit/xmlunit-core/2.10.1/xmlunit-core-2.10.1.jar:/home/shuvo/.m2/repository/com/github/javafaker/javafaker/1.0.2/javafaker-1.0.2.jar:/home/shuvo/.m2/repository/org/apache/commons/commons-lang3/3.17.0/commons-lang3-3.17.0.jar:/home/shuvo/.m2/repository/org/yaml/snakeyaml/1.23/snakeyaml-1.23-android.jar:/home/shuvo/.m2/repository/com/github/mifmif/generex/1.0.2/generex-1.0.2.jar:/home/shuvo/.m2/repository/dk/brics/automaton/automaton/1.11-8/automaton-1.11-8.jar:"/>
    <property name="java.vm.vendor" value="Ubuntu"/>
    <property name="sun.arch.data.model" value="64"/>
    <property name="java.vendor.url" value="https://ubuntu.com/"/>
    <property name="user.timezone" value="Asia/Dhaka"/>
    <property name="org.jboss.logging.provider" value="slf4j"/>
    <property name="os.name" value="Linux"/>
    <property name="java.vm.specification.version" value="17"/>
    <property name="sun.java.launcher" value="SUN_STANDARD"/>
    <property name="user.country" value="US"/>
    <property name="sun.boot.library.path" value="/usr/lib/jvm/java-17-openjdk-amd64/lib"/>
    <property name="sun.java.command" value="/home/shuvo/Desktop/code/java/nextguidely/target/surefire/surefirebooter-20250705175832684_3.jar /home/shuvo/Desktop/code/java/nextguidely/target/surefire 2025-07-05T17-58-32_619-jvmRun1 surefire-20250705175832684_1tmp surefire_0-20250705175832684_2tmp"/>
    <property name="jdk.debug" value="release"/>
    <property name="surefire.test.class.path" value="/home/shuvo/Desktop/code/java/nextguidely/target/test-classes:/home/shuvo/Desktop/code/java/nextguidely/target/classes:/home/shuvo/.m2/repository/org/springframework/boot/spring-boot-starter-data-jpa/3.5.0/spring-boot-starter-data-jpa-3.5.0.jar:/home/shuvo/.m2/repository/org/springframework/boot/spring-boot-starter/3.5.0/spring-boot-starter-3.5.0.jar:/home/shuvo/.m2/repository/org/springframework/boot/spring-boot-starter-logging/3.5.0/spring-boot-starter-logging-3.5.0.jar:/home/shuvo/.m2/repository/ch/qos/logback/logback-classic/1.5.18/logback-classic-1.5.18.jar:/home/shuvo/.m2/repository/ch/qos/logback/logback-core/1.5.18/logback-core-1.5.18.jar:/home/shuvo/.m2/repository/org/apache/logging/log4j/log4j-to-slf4j/2.24.3/log4j-to-slf4j-2.24.3.jar:/home/shuvo/.m2/repository/org/apache/logging/log4j/log4j-api/2.24.3/log4j-api-2.24.3.jar:/home/shuvo/.m2/repository/org/slf4j/jul-to-slf4j/2.0.17/jul-to-slf4j-2.0.17.jar:/home/shuvo/.m2/repository/jakarta/annotation/jakarta.annotation-api/2.1.1/jakarta.annotation-api-2.1.1.jar:/home/shuvo/.m2/repository/org/yaml/snakeyaml/2.4/snakeyaml-2.4.jar:/home/shuvo/.m2/repository/org/springframework/boot/spring-boot-starter-jdbc/3.5.0/spring-boot-starter-jdbc-3.5.0.jar:/home/shuvo/.m2/repository/com/zaxxer/HikariCP/6.3.0/HikariCP-6.3.0.jar:/home/shuvo/.m2/repository/org/springframework/spring-jdbc/6.2.7/spring-jdbc-6.2.7.jar:/home/shuvo/.m2/repository/org/hibernate/orm/hibernate-core/6.6.15.Final/hibernate-core-6.6.15.Final.jar:/home/shuvo/.m2/repository/jakarta/persistence/jakarta.persistence-api/3.1.0/jakarta.persistence-api-3.1.0.jar:/home/shuvo/.m2/repository/jakarta/transaction/jakarta.transaction-api/2.0.1/jakarta.transaction-api-2.0.1.jar:/home/shuvo/.m2/repository/org/jboss/logging/jboss-logging/3.6.1.Final/jboss-logging-3.6.1.Final.jar:/home/shuvo/.m2/repository/org/hibernate/common/hibernate-commons-annotations/7.0.3.Final/hibernate-commons-annotations-7.0.3.Final.jar:/home/shuvo/.m2/repository/io/smallrye/jandex/3.2.0/jandex-3.2.0.jar:/home/shuvo/.m2/repository/com/fasterxml/classmate/1.7.0/classmate-1.7.0.jar:/home/shuvo/.m2/repository/net/bytebuddy/byte-buddy/1.17.5/byte-buddy-1.17.5.jar:/home/shuvo/.m2/repository/org/glassfish/jaxb/jaxb-runtime/4.0.5/jaxb-runtime-4.0.5.jar:/home/shuvo/.m2/repository/org/glassfish/jaxb/jaxb-core/4.0.5/jaxb-core-4.0.5.jar:/home/shuvo/.m2/repository/org/eclipse/angus/angus-activation/2.0.2/angus-activation-2.0.2.jar:/home/shuvo/.m2/repository/org/glassfish/jaxb/txw2/4.0.5/txw2-4.0.5.jar:/home/shuvo/.m2/repository/com/sun/istack/istack-commons-runtime/4.1.2/istack-commons-runtime-4.1.2.jar:/home/shuvo/.m2/repository/jakarta/inject/jakarta.inject-api/2.0.1/jakarta.inject-api-2.0.1.jar:/home/shuvo/.m2/repository/org/antlr/antlr4-runtime/4.13.0/antlr4-runtime-4.13.0.jar:/home/shuvo/.m2/repository/org/springframework/data/spring-data-jpa/3.5.0/spring-data-jpa-3.5.0.jar:/home/shuvo/.m2/repository/org/springframework/data/spring-data-commons/3.5.0/spring-data-commons-3.5.0.jar:/home/shuvo/.m2/repository/org/springframework/spring-orm/6.2.7/spring-orm-6.2.7.jar:/home/shuvo/.m2/repository/org/springframework/spring-context/6.2.7/spring-context-6.2.7.jar:/home/shuvo/.m2/repository/org/springframework/spring-aop/6.2.7/spring-aop-6.2.7.jar:/home/shuvo/.m2/repository/org/springframework/spring-tx/6.2.7/spring-tx-6.2.7.jar:/home/shuvo/.m2/repository/org/springframework/spring-beans/6.2.7/spring-beans-6.2.7.jar:/home/shuvo/.m2/repository/org/slf4j/slf4j-api/2.0.17/slf4j-api-2.0.17.jar:/home/shuvo/.m2/repository/org/springframework/spring-aspects/6.2.7/spring-aspects-6.2.7.jar:/home/shuvo/.m2/repository/org/aspectj/aspectjweaver/1.9.24/aspectjweaver-1.9.24.jar:/home/shuvo/.m2/repository/org/springframework/boot/spring-boot-starter-data-redis/3.5.0/spring-boot-starter-data-redis-3.5.0.jar:/home/shuvo/.m2/repository/io/lettuce/lettuce-core/6.5.5.RELEASE/lettuce-core-6.5.5.RELEASE.jar:/home/shuvo/.m2/repository/io/netty/netty-common/4.1.121.Final/netty-common-4.1.121.Final.jar:/home/shuvo/.m2/repository/io/netty/netty-handler/4.1.121.Final/netty-handler-4.1.121.Final.jar:/home/shuvo/.m2/repository/io/netty/netty-resolver/4.1.121.Final/netty-resolver-4.1.121.Final.jar:/home/shuvo/.m2/repository/io/netty/netty-buffer/4.1.121.Final/netty-buffer-4.1.121.Final.jar:/home/shuvo/.m2/repository/io/netty/netty-transport-native-unix-common/4.1.121.Final/netty-transport-native-unix-common-4.1.121.Final.jar:/home/shuvo/.m2/repository/io/netty/netty-codec/4.1.121.Final/netty-codec-4.1.121.Final.jar:/home/shuvo/.m2/repository/io/netty/netty-transport/4.1.121.Final/netty-transport-4.1.121.Final.jar:/home/shuvo/.m2/repository/io/projectreactor/reactor-core/3.7.6/reactor-core-3.7.6.jar:/home/shuvo/.m2/repository/org/reactivestreams/reactive-streams/1.0.4/reactive-streams-1.0.4.jar:/home/shuvo/.m2/repository/org/springframework/data/spring-data-redis/3.5.0/spring-data-redis-3.5.0.jar:/home/shuvo/.m2/repository/org/springframework/data/spring-data-keyvalue/3.5.0/spring-data-keyvalue-3.5.0.jar:/home/shuvo/.m2/repository/org/springframework/spring-oxm/6.2.7/spring-oxm-6.2.7.jar:/home/shuvo/.m2/repository/org/springframework/spring-context-support/6.2.7/spring-context-support-6.2.7.jar:/home/shuvo/.m2/repository/org/springframework/boot/spring-boot-starter-web/3.5.0/spring-boot-starter-web-3.5.0.jar:/home/shuvo/.m2/repository/org/springframework/boot/spring-boot-starter-json/3.5.0/spring-boot-starter-json-3.5.0.jar:/home/shuvo/.m2/repository/com/fasterxml/jackson/core/jackson-databind/2.19.0/jackson-databind-2.19.0.jar:/home/shuvo/.m2/repository/com/fasterxml/jackson/core/jackson-annotations/2.19.0/jackson-annotations-2.19.0.jar:/home/shuvo/.m2/repository/com/fasterxml/jackson/core/jackson-core/2.19.0/jackson-core-2.19.0.jar:/home/shuvo/.m2/repository/com/fasterxml/jackson/datatype/jackson-datatype-jdk8/2.19.0/jackson-datatype-jdk8-2.19.0.jar:/home/shuvo/.m2/repository/com/fasterxml/jackson/datatype/jackson-datatype-jsr310/2.19.0/jackson-datatype-jsr310-2.19.0.jar:/home/shuvo/.m2/repository/com/fasterxml/jackson/module/jackson-module-parameter-names/2.19.0/jackson-module-parameter-names-2.19.0.jar:/home/shuvo/.m2/repository/org/springframework/boot/spring-boot-starter-tomcat/3.5.0/spring-boot-starter-tomcat-3.5.0.jar:/home/shuvo/.m2/repository/org/apache/tomcat/embed/tomcat-embed-core/10.1.41/tomcat-embed-core-10.1.41.jar:/home/shuvo/.m2/repository/org/apache/tomcat/embed/tomcat-embed-el/10.1.41/tomcat-embed-el-10.1.41.jar:/home/shuvo/.m2/repository/org/apache/tomcat/embed/tomcat-embed-websocket/10.1.41/tomcat-embed-websocket-10.1.41.jar:/home/shuvo/.m2/repository/org/springframework/spring-web/6.2.7/spring-web-6.2.7.jar:/home/shuvo/.m2/repository/io/micrometer/micrometer-observation/1.15.0/micrometer-observation-1.15.0.jar:/home/shuvo/.m2/repository/io/micrometer/micrometer-commons/1.15.0/micrometer-commons-1.15.0.jar:/home/shuvo/.m2/repository/org/springframework/spring-webmvc/6.2.7/spring-webmvc-6.2.7.jar:/home/shuvo/.m2/repository/org/springframework/spring-expression/6.2.7/spring-expression-6.2.7.jar:/home/shuvo/.m2/repository/org/springframework/boot/spring-boot-devtools/3.5.0/spring-boot-devtools-3.5.0.jar:/home/shuvo/.m2/repository/org/springframework/boot/spring-boot/3.5.0/spring-boot-3.5.0.jar:/home/shuvo/.m2/repository/org/springframework/boot/spring-boot-autoconfigure/3.5.0/spring-boot-autoconfigure-3.5.0.jar:/home/shuvo/.m2/repository/com/mysql/mysql-connector-j/9.2.0/mysql-connector-j-9.2.0.jar:/home/shuvo/.m2/repository/org/projectlombok/lombok/1.18.38/lombok-1.18.38.jar:/home/shuvo/.m2/repository/org/springframework/boot/spring-boot-starter-test/3.5.0/spring-boot-starter-test-3.5.0.jar:/home/shuvo/.m2/repository/org/springframework/boot/spring-boot-test/3.5.0/spring-boot-test-3.5.0.jar:/home/shuvo/.m2/repository/org/springframework/boot/spring-boot-test-autoconfigure/3.5.0/spring-boot-test-autoconfigure-3.5.0.jar:/home/shuvo/.m2/repository/com/jayway/jsonpath/json-path/2.9.0/json-path-2.9.0.jar:/home/shuvo/.m2/repository/jakarta/xml/bind/jakarta.xml.bind-api/4.0.2/jakarta.xml.bind-api-4.0.2.jar:/home/shuvo/.m2/repository/jakarta/activation/jakarta.activation-api/2.1.3/jakarta.activation-api-2.1.3.jar:/home/shuvo/.m2/repository/net/minidev/json-smart/2.5.2/json-smart-2.5.2.jar:/home/shuvo/.m2/repository/net/minidev/accessors-smart/2.5.2/accessors-smart-2.5.2.jar:/home/shuvo/.m2/repository/org/ow2/asm/asm/9.7.1/asm-9.7.1.jar:/home/shuvo/.m2/repository/org/assertj/assertj-core/3.27.3/assertj-core-3.27.3.jar:/home/shuvo/.m2/repository/org/awaitility/awaitility/4.3.0/awaitility-4.3.0.jar:/home/shuvo/.m2/repository/org/hamcrest/hamcrest/3.0/hamcrest-3.0.jar:/home/shuvo/.m2/repository/org/junit/jupiter/junit-jupiter/5.12.2/junit-jupiter-5.12.2.jar:/home/shuvo/.m2/repository/org/junit/jupiter/junit-jupiter-api/5.12.2/junit-jupiter-api-5.12.2.jar:/home/shuvo/.m2/repository/org/opentest4j/opentest4j/1.3.0/opentest4j-1.3.0.jar:/home/shuvo/.m2/repository/org/junit/platform/junit-platform-commons/1.12.2/junit-platform-commons-1.12.2.jar:/home/shuvo/.m2/repository/org/apiguardian/apiguardian-api/1.1.2/apiguardian-api-1.1.2.jar:/home/shuvo/.m2/repository/org/junit/jupiter/junit-jupiter-params/5.12.2/junit-jupiter-params-5.12.2.jar:/home/shuvo/.m2/repository/org/junit/jupiter/junit-jupiter-engine/5.12.2/junit-jupiter-engine-5.12.2.jar:/home/shuvo/.m2/repository/org/junit/platform/junit-platform-engine/1.12.2/junit-platform-engine-1.12.2.jar:/home/shuvo/.m2/repository/org/mockito/mockito-core/5.17.0/mockito-core-5.17.0.jar:/home/shuvo/.m2/repository/net/bytebuddy/byte-buddy-agent/1.17.5/byte-buddy-agent-1.17.5.jar:/home/shuvo/.m2/repository/org/objenesis/objenesis/3.3/objenesis-3.3.jar:/home/shuvo/.m2/repository/org/mockito/mockito-junit-jupiter/5.17.0/mockito-junit-jupiter-5.17.0.jar:/home/shuvo/.m2/repository/org/skyscreamer/jsonassert/1.5.3/jsonassert-1.5.3.jar:/home/shuvo/.m2/repository/com/vaadin/external/google/android-json/0.0.20131108.vaadin1/android-json-0.0.20131108.vaadin1.jar:/home/shuvo/.m2/repository/org/springframework/spring-core/6.2.7/spring-core-6.2.7.jar:/home/shuvo/.m2/repository/org/springframework/spring-jcl/6.2.7/spring-jcl-6.2.7.jar:/home/shuvo/.m2/repository/org/springframework/spring-test/6.2.7/spring-test-6.2.7.jar:/home/shuvo/.m2/repository/org/xmlunit/xmlunit-core/2.10.1/xmlunit-core-2.10.1.jar:/home/shuvo/.m2/repository/com/github/javafaker/javafaker/1.0.2/javafaker-1.0.2.jar:/home/shuvo/.m2/repository/org/apache/commons/commons-lang3/3.17.0/commons-lang3-3.17.0.jar:/home/shuvo/.m2/repository/org/yaml/snakeyaml/1.23/snakeyaml-1.23-android.jar:/home/shuvo/.m2/repository/com/github/mifmif/generex/1.0.2/generex-1.0.2.jar:/home/shuvo/.m2/repository/dk/brics/automaton/automaton/1.11-8/automaton-1.11-8.jar:"/>
    <property name="sun.cpu.endian" value="little"/>
    <property name="user.home" value="/home/shuvo"/>
    <property name="user.language" value="en"/>
    <property name="java.specification.vendor" value="Oracle Corporation"/>
    <property name="java.version.date" value="2025-04-15"/>
    <property name="java.home" value="/usr/lib/jvm/java-17-openjdk-amd64"/>
    <property name="file.separator" value="/"/>
    <property name="basedir" value="/home/shuvo/Desktop/code/java/nextguidely"/>
    <property name="java.vm.compressedOopsMode" value="Zero based"/>
    <property name="line.separator" value="&#10;"/>
    <property name="java.specification.name" value="Java Platform API Specification"/>
    <property name="java.vm.specification.vendor" value="Oracle Corporation"/>
    <property name="FILE_LOG_CHARSET" value="UTF-8"/>
    <property name="java.awt.headless" value="true"/>
    <property name="surefire.real.class.path" value="/home/shuvo/Desktop/code/java/nextguidely/target/surefire/surefirebooter-20250705175832684_3.jar"/>
    <property name="sun.management.compiler" value="HotSpot 64-Bit Tiered Compilers"/>
    <property name="java.runtime.version" value="17.0.15+6-Ubuntu-0ubuntu124.04"/>
    <property name="user.name" value="shuvo"/>
    <property name="path.separator" value=":"/>
    <property name="os.version" value="6.11.0-29-generic"/>
    <property name="java.runtime.name" value="OpenJDK Runtime Environment"/>
    <property name="file.encoding" value="UTF-8"/>
    <property name="java.vm.name" value="OpenJDK 64-Bit Server VM"/>
    <property name="localRepository" value="/home/shuvo/.m2/repository"/>
    <property name="java.vendor.url.bug" value="https://bugs.launchpad.net/ubuntu/+source/openjdk-17"/>
    <property name="java.io.tmpdir" value="/tmp"/>
    <property name="com.zaxxer.hikari.pool_number" value="1"/>
    <property name="java.version" value="17.0.15"/>
    <property name="user.dir" value="/home/shuvo/Desktop/code/java/nextguidely"/>
    <property name="os.arch" value="amd64"/>
    <property name="java.vm.specification.name" value="Java Virtual Machine Specification"/>
    <property name="PID" value="71397"/>
    <property name="CONSOLE_LOG_CHARSET" value="UTF-8"/>
    <property name="native.encoding" value="UTF-8"/>
    <property name="java.library.path" value="/usr/java/packages/lib:/usr/lib/x86_64-linux-gnu/jni:/lib/x86_64-linux-gnu:/usr/lib/x86_64-linux-gnu:/usr/lib/jni:/lib:/usr/lib"/>
    <property name="java.vm.info" value="mixed mode, sharing"/>
    <property name="java.vendor" value="Ubuntu"/>
    <property name="java.vm.version" value="17.0.15+6-Ubuntu-0ubuntu124.04"/>
    <property name="java.specification.maintenance.version" value="1"/>
    <property name="sun.io.unicode.encoding" value="UnicodeLittle"/>
    <property name="java.class.version" value="61.0"/>
  </properties>
  <testcase name="testRegister_Successful" classname="org.current.nextguidely.feature.RegistrationTest" time="0.696">
    <system-out><![CDATA[17:58:33.307 [main] INFO org.springframework.test.context.support.AnnotationConfigContextLoaderUtils -- Could not detect default configuration classes for test class [org.current.nextguidely.feature.RegistrationTest]: RegistrationTest does not declare any static, non-private, non-final, nested classes annotated with @Configuration.
17:58:33.424 [main] INFO org.springframework.boot.test.context.SpringBootTestContextBootstrapper -- Found @SpringBootConfiguration org.current.nextguidely.NextguidelyApplication for test class org.current.nextguidely.feature.RegistrationTest
17:58:33.574 [main] INFO org.springframework.boot.devtools.restart.RestartApplicationListener -- Restart disabled due to context in which it is running

  .   ____          _            __ _ _
 /\\ / ___'_ __ _ _(_)_ __  __ _ \ \ \ \
( ( )\___ | '_ | '_| | '_ \/ _` | \ \ \ \
 \\/  ___)| |_)| | | | | || (_| |  ) ) ) )
  '  |____| .__|_| |_|_| |_\__, | / / / /
 =========|_|==============|___/=/_/_/_/

 :: Spring Boot ::                (v3.5.0)

Hibernate: select u1_0.id,u1_0.about,u1_0.created_at,u1_0.city_id,u1_0.description,u1_0.dob,u1_0.email,u1_0.gender,u1_0.moto,u1_0.name,u1_0.origin_city_id,u1_0.password,u1_0.role,u1_0.thumbnail,u1_0.updated_at from users u1_0 limit ?,?
Hibernate: select l1_0.users_id,l1_1.id,l1_1.created_at,l1_1.name,l1_1.updated_at from users_languages l1_0 join languages l1_1 on l1_1.id=l1_0.languages_id where l1_0.users_id=?
Hibernate: select u1_0.languages_id,u1_1.id,u1_1.about,u1_1.created_at,u1_1.city_id,u1_1.description,u1_1.dob,u1_1.email,u1_1.gender,u1_1.moto,u1_1.name,u1_1.origin_city_id,u1_1.password,u1_1.role,u1_1.thumbnail,u1_1.updated_at from languages_user u1_0 join users u1_1 on u1_1.id=u1_0.user_id where u1_0.languages_id=?
Hibernate: select u1_0.languages_id,u1_1.id,u1_1.about,u1_1.created_at,u1_1.city_id,u1_1.description,u1_1.dob,u1_1.email,u1_1.gender,u1_1.moto,u1_1.name,u1_1.origin_city_id,u1_1.password,u1_1.role,u1_1.thumbnail,u1_1.updated_at from languages_user u1_0 join users u1_1 on u1_1.id=u1_0.user_id where u1_0.languages_id=?

MockHttpServletRequest:
      HTTP Method = GET
      Request URI = /api/users
       Parameters = {}
          Headers = [Accept:"application/json"]
             Body = null
    Session Attrs = {}

Handler:
             Type = org.current.nextguidely.controller.UserController
           Method = org.current.nextguidely.controller.UserController#getAllUsers(Integer, Integer)

Async:
    Async started = false
     Async result = null

Resolved Exception:
             Type = null

ModelAndView:
        View name = null
             View = null
            Model = null

FlashMap:
       Attributes = null

MockHttpServletResponse:
           Status = 200
    Error message = null
          Headers = [Content-Type:"application/json"]
     Content type = application/json
             Body = {"message":"success","data":{"users":[{"id":1,"name":"John Doe2","thumbnail":"http://localhost:3000/","dob":"1995-08-21T00:00:00.000+00:00","email":"john@example.com","gender":"FEMALE","languages":[{"id":1,"name":"Afrikaans","createdAt":null,"updatedAt":null,"user":[]},{"id":3,"name":"Amharic","createdAt":null,"updatedAt":null,"user":[]}],"role":"USER"}],"total":1,"page":0,"page_size":10}}
    Forwarded URL = null
   Redirected URL = null
          Cookies = []
Hibernate: select u1_0.id,u1_0.about,u1_0.created_at,u1_0.city_id,u1_0.description,u1_0.dob,u1_0.email,u1_0.gender,u1_0.moto,u1_0.name,u1_0.origin_city_id,u1_0.password,u1_0.role,u1_0.thumbnail,u1_0.updated_at from users u1_0 where u1_0.id=?
Hibernate: select l1_0.users_id,l1_1.id,l1_1.created_at,l1_1.name,l1_1.updated_at from users_languages l1_0 join languages l1_1 on l1_1.id=l1_0.languages_id where l1_0.users_id=?
Hibernate: select u1_0.languages_id,u1_1.id,u1_1.about,u1_1.created_at,u1_1.city_id,u1_1.description,u1_1.dob,u1_1.email,u1_1.gender,u1_1.moto,u1_1.name,u1_1.origin_city_id,u1_1.password,u1_1.role,u1_1.thumbnail,u1_1.updated_at from languages_user u1_0 join users u1_1 on u1_1.id=u1_0.user_id where u1_0.languages_id=?
Hibernate: select u1_0.languages_id,u1_1.id,u1_1.about,u1_1.created_at,u1_1.city_id,u1_1.description,u1_1.dob,u1_1.email,u1_1.gender,u1_1.moto,u1_1.name,u1_1.origin_city_id,u1_1.password,u1_1.role,u1_1.thumbnail,u1_1.updated_at from languages_user u1_0 join users u1_1 on u1_1.id=u1_0.user_id where u1_0.languages_id=?
------------------------------
------------------------------
id : 1
name : John Doe2
thumbnail : http://localhost:3000/
dob : 1995-08-21T00:00:00.000+00:00
email : john@example.com
gender : FEMALE
languages : [{id=1, name=Afrikaans, createdAt=null, updatedAt=null, user=[]}, {id=3, name=Amharic, createdAt=null, updatedAt=null, user=[]}]
role : USER
------------------------------
------------------------------
]]></system-out>
  </testcase>
</testsuite>